<?xml version="1.0" encoding="UTF-8"?>
<!-- Generated by org.testng.reporters.JUnitReportReporter -->
<testsuite skipped="0" hostname="BRD-PF0KTTGX-L" name="com.ols.pages.LoginPage" tests="1" failures="0" timestamp="02 Aug 2018 10:16:25 GMT" time="7.728" errors="0">
  <testcase name="login" time="7.728" classname="com.ols.pages.LoginPage"/>
</testsuite> <!-- com.ols.pages.LoginPage -->
