<?xml version="1.0" encoding="UTF-8"?>
<!-- Generated by org.testng.reporters.JUnitReportReporter -->
<testsuite skipped="0" hostname="BRD-PF0KTTGX-L" name="com.ols.tests.HomePageTest" tests="1" failures="0" timestamp="11 Sep 2018 06:28:58 GMT" time="9.796" errors="0">
  <testcase name="headerTitleTest" time="9.796" classname="com.ols.tests.HomePageTest"/>
</testsuite> <!-- com.ols.tests.HomePageTest -->
