<?xml version="1.0" encoding="UTF-8"?>
<!-- Generated by org.testng.reporters.JUnitReportReporter -->
<testsuite skipped="0" hostname="BRD-PF0KTTGX-L" name="com.ols.tests.IndividualMemberPage" tests="1" failures="0" timestamp="16 Aug 2018 06:55:32 GMT" time="6.790" errors="0">
  <testcase name="individualMemberRegister" time="6.790" classname="com.ols.tests.IndividualMemberPage"/>
</testsuite> <!-- com.ols.tests.IndividualMemberPage -->
