<?xml version="1.0" encoding="UTF-8"?>
<!-- Generated by org.testng.reporters.JUnitReportReporter -->
<testsuite skipped="0" hostname="BRD-PF0KTTGX-L" name="com.ols.tests.LoginPageTest" tests="1" failures="0" timestamp="11 Sep 2018 06:02:24 GMT" time="6.203" errors="0">
  <testcase name="loginTest" time="6.203" classname="com.ols.tests.LoginPageTest"/>
</testsuite> <!-- com.ols.tests.LoginPageTest -->
