<?xml version="1.0" encoding="UTF-8"?>
<!-- Generated by org.testng.reporters.JUnitReportReporter -->
<testsuite skipped="0" hostname="BRD-PF0KTTGX-L" name="com.ols.tests.IndividualMemberPageTest" tests="1" failures="0" timestamp="10 Sep 2018 09:45:52 GMT" time="28.190" errors="0">
  <testcase name="createPersonData" time="28.190" classname="com.ols.tests.IndividualMemberPageTest"/>
</testsuite> <!-- com.ols.tests.IndividualMemberPageTest -->
